2025-02-17 16:10:07 Backup complete!
2025-02-17 16:10:29 Starting backup script...
2025-02-17 16:10:29 Adding files...
2025-02-17 16:10:29 Committing changes...
2025-02-17 16:10:29 [main 3d9386d] Backup 2025-02-17 16:10:29
2025-02-17 16:10:29 2 files changed, 4 insertions(+), 2 deletions(-)
2025-02-17 16:10:29 Pushing to remote...
2025-02-17 16:10:32 To https://github.com/Sang0920/TestingFaceRec.git
2025-02-17 16:10:32 6c8c54b..3d9386d  main -> main
2025-02-17 16:10:32 Backup complete!
2025-02-17 16:12:24 Starting backup script...
2025-02-17 16:12:24 Checking for changes in .gitignore...
2025-02-17 16:12:24 Adding files...
2025-02-17 16:12:24 Committing changes...
2025-02-17 16:12:24 [main 4d07290] Backup 2025-02-17 16:12:24
2025-02-17 16:12:24 2 files changed, 14 insertions(+)
2025-02-17 16:12:24 Pushing to remote...
2025-02-17 16:12:28 To https://github.com/Sang0920/TestingFaceRec.git
2025-02-17 16:12:28 3d9386d..4d07290  main -> main
2025-02-17 16:12:28 Backup complete!
2025-02-17 16:17:53 Starting backup script...
2025-02-17 16:17:53 Adding files...
2025-02-17 16:17:53 Committing changes...
2025-02-17 16:17:53 [main 7e001bc] Backup 2025-02-17 16:17:53
2025-02-17 16:17:53 4 files changed, 17 insertions(+), 5 deletions(-)
2025-02-17 16:17:53 Pushing to remote...
2025-02-17 16:17:56 To https://github.com/Sang0920/TestingFaceRec.git
2025-02-17 16:17:56 4d07290..7e001bc  main -> main
2025-02-17 16:17:56 Backup complete!
2025-02-17 17:37:13 Starting backup script...
2025-02-17 17:37:13 Adding files...
2025-02-17 17:37:13 Committing changes...
2025-02-17 17:37:13 [main 9c9a56e] Backup 2025-02-17 17:37:13
2025-02-17 17:37:13 176 files changed, 11112 insertions(+), 27373 deletions(-)
2025-02-17 17:37:13 rewrite logs/check-out.log (86%)
2025-02-17 17:37:13 create mode 100644 profiles/2025-02-17/OUT/track_1/profile_17-31-08-759599_0.663.png
2025-02-17 17:37:13 create mode 100644 profiles/2025-02-17/OUT/track_1/profile_17-31-09-103646_0.651.png
2025-02-17 17:37:13 create mode 100644 profiles/2025-02-17/OUT/track_1/profile_17-31-09-464833_0.647.png
2025-02-17 17:37:13 create mode 100644 profiles/2025-02-17/OUT/track_10/profile_17-25-33-611827_0.686.png
2025-02-17 17:37:13 create mode 100644 profiles/2025-02-17/OUT/track_10/profile_17-25-33-980908_0.660.png
2025-02-17 17:37:13 create mode 100644 profiles/2025-02-17/OUT/track_10/profile_17-25-34-605581_0.514.png
2025-02-17 17:37:13 create mode 100644 profiles/2025-02-17/OUT/track_101/profile_17-31-38-448599_0.816.png
2025-02-17 17:37:13 create mode 100644 profiles/2025-02-17/OUT/track_101/profile_17-31-38-804608_0.800.png
2025-02-17 17:37:13 create mode 100644 profiles/2025-02-17/OUT/track_101/profile_17-31-39-145359_0.794.png
2025-02-17 17:37:13 create mode 100644 profiles/2025-02-17/OUT/track_103/profile_17-31-40-500117_0.689.png
2025-02-17 17:37:13 create mode 100644 profiles/2025-02-17/OUT/track_105/profile_17-31-40-829615_0.619.png
2025-02-17 17:37:13 create mode 100644 profiles/2025-02-17/OUT/track_106/profile_17-31-41-182216_0.602.png
2025-02-17 17:37:13 create mode 100644 profiles/2025-02-17/OUT/track_113/profile_17-31-41-245567_0.504.png
2025-02-17 17:37:13 create mode 100644 profiles/2025-02-17/OUT/track_117/profile_17-31-43-587356_0.624.png
2025-02-17 17:37:13 create mode 100644 profiles/2025-02-17/OUT/track_117/profile_17-31-44-214091_0.535.png
2025-02-17 17:37:13 create mode 100644 profiles/2025-02-17/OUT/track_117/profile_17-31-44-308564_0.532.png
2025-02-17 17:37:13 create mode 100644 profiles/2025-02-17/OUT/track_118/profile_17-31-49-955657_0.584.png
2025-02-17 17:37:13 create mode 100644 profiles/2025-02-17/OUT/track_118/profile_17-31-50-020760_0.577.png
2025-02-17 17:37:13 create mode 100644 profiles/2025-02-17/OUT/track_118/profile_17-31-50-084538_0.568.png
2025-02-17 17:37:13 create mode 100644 profiles/2025-02-17/OUT/track_119/profile_17-33-05-349678_0.793.png
2025-02-17 17:37:13 create mode 100644 profiles/2025-02-17/OUT/track_119/profile_17-33-05-699336_0.778.png
2025-02-17 17:37:13 create mode 100644 profiles/2025-02-17/OUT/track_119/profile_17-33-06-041688_0.777.png
2025-02-17 17:37:13 create mode 100644 profiles/2025-02-17/OUT/track_119/recognition.json
2025-02-17 17:37:13 create mode 100644 profiles/2025-02-17/OUT/track_12/profile_17-25-34-670567_0.530.png
2025-02-17 17:37:13 create mode 100644 profiles/2025-02-17/OUT/track_125/profile_17-32-28-364291_0.520.png
2025-02-17 17:37:13 create mode 100644 profiles/2025-02-17/OUT/track_127/profile_17-32-30-496405_0.517.png
2025-02-17 17:37:13 create mode 100644 profiles/2025-02-17/OUT/track_128/profile_17-32-32-483866_0.648.png
2025-02-17 17:37:13 create mode 100644 profiles/2025-02-17/OUT/track_128/profile_17-32-33-095962_0.555.png
2025-02-17 17:37:13 create mode 100644 profiles/2025-02-17/OUT/track_128/profile_17-32-33-170085_0.553.png
2025-02-17 17:37:13 create mode 100644 profiles/2025-02-17/OUT/track_133/profile_17-32-49-348315_0.831.png
2025-02-17 17:37:13 create mode 100644 profiles/2025-02-17/OUT/track_133/profile_17-32-49-701816_0.830.png
2025-02-17 17:37:13 create mode 100644 profiles/2025-02-17/OUT/track_133/profile_17-32-50-057001_0.828.png
2025-02-17 17:37:13 create mode 100644 profiles/2025-02-17/OUT/track_133/recognition.json
2025-02-17 17:37:13 create mode 100644 profiles/2025-02-17/OUT/track_140/profile_17-33-06-795564_0.734.png
2025-02-17 17:37:13 create mode 100644 profiles/2025-02-17/OUT/track_140/profile_17-33-07-143675_0.732.png
2025-02-17 17:37:13 create mode 100644 profiles/2025-02-17/OUT/track_140/profile_17-33-07-487187_0.729.png
2025-02-17 17:37:13 create mode 100644 profiles/2025-02-17/OUT/track_143/profile_17-33-28-624776_0.744.png
2025-02-17 17:37:13 create mode 100644 profiles/2025-02-17/OUT/track_143/profile_17-33-28-971593_0.743.png
2025-02-17 17:37:13 create mode 100644 profiles/2025-02-17/OUT/track_143/profile_17-33-29-325781_0.731.png
2025-02-17 17:37:13 create mode 100644 profiles/2025-02-17/OUT/track_144/profile_17-33-27-525343_0.837.png
2025-02-17 17:37:13 create mode 100644 profiles/2025-02-17/OUT/track_144/profile_17-33-27-900699_0.835.png
2025-02-17 17:37:13 create mode 100644 profiles/2025-02-17/OUT/track_144/profile_17-33-28-260855_0.835.png
2025-02-17 17:37:13 create mode 100644 profiles/2025-02-17/OUT/track_147/profile_17-33-32-478491_0.785.png
2025-02-17 17:37:13 create mode 100644 profiles/2025-02-17/OUT/track_147/profile_17-33-32-835892_0.749.png
2025-02-17 17:37:13 create mode 100644 profiles/2025-02-17/OUT/track_147/profile_17-33-33-174764_0.747.png
2025-02-17 17:37:13 create mode 100644 profiles/2025-02-17/OUT/track_148/profile_17-33-29-680044_0.513.png
2025-02-17 17:37:13 create mode 100644 profiles/2025-02-17/OUT/track_152/profile_17-33-30-292575_0.656.png
2025-02-17 17:37:13 create mode 100644 profiles/2025-02-17/OUT/track_152/profile_17-33-30-664957_0.553.png
2025-02-17 17:37:13 create mode 100644 profiles/2025-02-17/OUT/track_154/profile_17-33-31-626770_0.690.png
2025-02-17 17:37:13 create mode 100644 profiles/2025-02-17/OUT/track_155/profile_17-33-33-508061_0.769.png
2025-02-17 17:37:13 create mode 100644 profiles/2025-02-17/OUT/track_155/profile_17-33-34-111241_0.710.png
2025-02-17 17:37:13 create mode 100644 profiles/2025-02-17/OUT/track_155/profile_17-33-34-455280_0.707.png
2025-02-17 17:37:13 create mode 100644 profiles/2025-02-17/OUT/track_156/profile_17-33-35-466575_0.733.png
2025-02-17 17:37:13 create mode 100644 profiles/2025-02-17/OUT/track_156/profile_17-33-35-815090_0.727.png
2025-02-17 17:37:13 create mode 100644 profiles/2025-02-17/OUT/track_156/profile_17-33-36-155156_0.684.png
2025-02-17 17:37:13 create mode 100644 profiles/2025-02-17/OUT/track_157/profile_17-33-37-180797_0.743.png
2025-02-17 17:37:13 create mode 100644 profiles/2025-02-17/OUT/track_157/profile_17-33-37-533285_0.740.png
2025-02-17 17:37:13 create mode 100644 profiles/2025-02-17/OUT/track_157/profile_17-33-38-421920_0.731.png
2025-02-17 17:37:13 create mode 100644 profiles/2025-02-17/OUT/track_159/profile_17-33-36-499922_0.636.png
2025-02-17 17:37:13 create mode 100644 profiles/2025-02-17/OUT/track_159/profile_17-33-36-575180_0.607.png
2025-02-17 17:37:13 create mode 100644 profiles/2025-02-17/OUT/track_161/profile_17-33-38-785341_0.655.png
2025-02-17 17:37:13 create mode 100644 profiles/2025-02-17/OUT/track_161/profile_17-33-39-118226_0.641.png
2025-02-17 17:37:13 create mode 100644 profiles/2025-02-17/OUT/track_161/profile_17-33-39-456547_0.639.png
2025-02-17 17:37:13 create mode 100644 profiles/2025-02-17/OUT/track_162/profile_17-33-39-797195_0.646.png
2025-02-17 17:37:13 create mode 100644 profiles/2025-02-17/OUT/track_162/profile_17-33-39-848061_0.606.png
2025-02-17 17:37:13 create mode 100644 profiles/2025-02-17/OUT/track_162/profile_17-33-39-896969_0.551.png
2025-02-17 17:37:13 create mode 100644 profiles/2025-02-17/OUT/track_166/profile_17-33-40-812622_0.634.png
2025-02-17 17:37:13 create mode 100644 profiles/2025-02-17/OUT/track_166/profile_17-33-40-889463_0.591.png
2025-02-17 17:37:13 create mode 100644 profiles/2025-02-17/OUT/track_166/profile_17-33-40-962976_0.558.png
2025-02-17 17:37:13 create mode 100644 profiles/2025-02-17/OUT/track_167/profile_17-33-48-550626_0.657.png
2025-02-17 17:37:13 create mode 100644 profiles/2025-02-17/OUT/track_167/profile_17-33-48-907180_0.650.png
2025-02-17 17:37:13 create mode 100644 profiles/2025-02-17/OUT/track_167/profile_17-33-48-963794_0.613.png
2025-02-17 17:37:13 create mode 100644 profiles/2025-02-17/OUT/track_169/profile_17-33-49-687374_0.757.png
2025-02-17 17:37:13 create mode 100644 profiles/2025-02-17/OUT/track_169/profile_17-33-50-040735_0.746.png
2025-02-17 17:37:13 create mode 100644 profiles/2025-02-17/OUT/track_169/profile_17-33-51-642047_0.734.png
2025-02-17 17:37:13 create mode 100644 profiles/2025-02-17/OUT/track_173/profile_17-33-47-527218_0.665.png
2025-02-17 17:37:13 create mode 100644 profiles/2025-02-17/OUT/track_173/profile_17-33-47-862131_0.654.png
2025-02-17 17:37:13 create mode 100644 profiles/2025-02-17/OUT/track_173/profile_17-33-47-921332_0.615.png
2025-02-17 17:37:13 create mode 100644 profiles/2025-02-17/OUT/track_175/profile_17-34-02-760071_0.645.png
2025-02-17 17:37:13 create mode 100644 profiles/2025-02-17/OUT/track_175/profile_17-34-02-826944_0.630.png
2025-02-17 17:37:13 create mode 100644 profiles/2025-02-17/OUT/track_175/profile_17-34-02-888018_0.629.png
2025-02-17 17:37:13 create mode 100644 profiles/2025-02-17/OUT/track_176/profile_17-34-04-691257_0.704.png
2025-02-17 17:37:13 create mode 100644 profiles/2025-02-17/OUT/track_176/profile_17-34-05-055315_0.661.png
2025-02-17 17:37:13 create mode 100644 profiles/2025-02-17/OUT/track_176/profile_17-34-05-397030_0.660.png
2025-02-17 17:37:13 create mode 100644 profiles/2025-02-17/OUT/track_178/profile_17-34-06-150674_0.780.png
2025-02-17 17:37:13 create mode 100644 profiles/2025-02-17/OUT/track_178/profile_17-34-06-774796_0.765.png
2025-02-17 17:37:13 create mode 100644 profiles/2025-02-17/OUT/track_178/profile_17-34-07-122607_0.736.png
2025-02-17 17:37:13 create mode 100644 profiles/2025-02-17/OUT/track_179/profile_17-34-07-463379_0.708.png
2025-02-17 17:37:13 create mode 100644 profiles/2025-02-17/OUT/track_179/profile_17-34-07-807347_0.690.png
2025-02-17 17:37:13 create mode 100644 profiles/2025-02-17/OUT/track_179/profile_17-34-08-141190_0.675.png
2025-02-17 17:37:13 create mode 100644 profiles/2025-02-17/OUT/track_180/profile_17-34-17-695914_0.660.png
2025-02-17 17:37:13 create mode 100644 profiles/2025-02-17/OUT/track_180/profile_17-34-18-062185_0.623.png
2025-02-17 17:37:13 create mode 100644 profiles/2025-02-17/OUT/track_180/profile_17-34-18-944044_0.622.png
2025-02-17 17:37:13 create mode 100644 profiles/2025-02-17/OUT/track_182/profile_17-34-19-845348_0.575.png
2025-02-17 17:37:13 create mode 100644 profiles/2025-02-17/OUT/track_182/profile_17-34-20-183625_0.562.png
2025-02-17 17:37:13 create mode 100644 profiles/2025-02-17/OUT/track_182/profile_17-34-20-517569_0.520.png
2025-02-17 17:37:13 create mode 100644 profiles/2025-02-17/OUT/track_183/profile_17-34-32-962151_0.616.png
2025-02-17 17:37:13 create mode 100644 profiles/2025-02-17/OUT/track_183/profile_17-34-33-293263_0.610.png
2025-02-17 17:37:13 create mode 100644 profiles/2025-02-17/OUT/track_183/profile_17-34-33-619577_0.609.png
2025-02-17 17:37:13 create mode 100644 profiles/2025-02-17/OUT/track_184/profile_17-34-32-260794_0.537.png
2025-02-17 17:37:13 create mode 100644 profiles/2025-02-17/OUT/track_184/profile_17-34-32-350349_0.516.png
2025-02-17 17:37:13 create mode 100644 profiles/2025-02-17/OUT/track_185/profile_17-34-43-967973_0.562.png
2025-02-17 17:37:13 create mode 100644 profiles/2025-02-17/OUT/track_185/profile_17-34-44-045100_0.529.png
2025-02-17 17:37:13 create mode 100644 profiles/2025-02-17/OUT/track_185/profile_17-34-44-133809_0.522.png
2025-02-17 17:37:13 create mode 100644 profiles/2025-02-17/OUT/track_186/profile_17-34-38-252108_0.757.png
2025-02-17 17:37:13 create mode 100644 profiles/2025-02-17/OUT/track_186/profile_17-34-42-783509_0.732.png
2025-02-17 17:37:13 create mode 100644 profiles/2025-02-17/OUT/track_186/profile_17-34-43-400497_0.727.png
2025-02-17 17:37:13 create mode 100644 profiles/2025-02-17/OUT/track_187/profile_17-34-36-002691_0.573.png
2025-02-17 17:37:13 create mode 100644 profiles/2025-02-17/OUT/track_187/profile_17-34-36-367709_0.510.png
2025-02-17 17:37:13 create mode 100644 profiles/2025-02-17/OUT/track_19/profile_17-25-35-278536_0.571.png
2025-02-17 17:37:13 create mode 100644 profiles/2025-02-17/OUT/track_2/profile_17-25-23-119914_0.735.png
2025-02-17 17:37:13 create mode 100644 profiles/2025-02-17/OUT/track_2/profile_17-25-23-204767_0.673.png
2025-02-17 17:37:13 create mode 100644 profiles/2025-02-17/OUT/track_2/profile_17-25-23-585844_0.660.png
2025-02-17 17:37:13 create mode 100644 profiles/2025-02-17/OUT/track_33/profile_17-25-40-892560_0.683.png
2025-02-17 17:37:13 create mode 100644 profiles/2025-02-17/OUT/track_33/profile_17-25-40-964942_0.578.png
2025-02-17 17:37:13 create mode 100644 profiles/2025-02-17/OUT/track_34/profile_17-25-41-318960_0.517.png
2025-02-17 17:37:13 create mode 100644 profiles/2025-02-17/OUT/track_48/profile_17-28-16-502751_0.832.png
2025-02-17 17:37:13 create mode 100644 profiles/2025-02-17/OUT/track_48/profile_17-28-17-137292_0.832.png
2025-02-17 17:37:13 create mode 100644 profiles/2025-02-17/OUT/track_48/profile_17-28-17-487615_0.830.png
2025-02-17 17:37:13 create mode 100644 profiles/2025-02-17/OUT/track_48/recognition.json
2025-02-17 17:37:13 create mode 100644 profiles/2025-02-17/OUT/track_49/profile_17-28-18-439729_0.811.png
2025-02-17 17:37:13 create mode 100644 profiles/2025-02-17/OUT/track_50/profile_17-28-18-804452_0.771.png
2025-02-17 17:37:13 create mode 100644 profiles/2025-02-17/OUT/track_51/profile_17-28-19-139503_0.706.png
2025-02-17 17:37:13 create mode 100644 profiles/2025-02-17/OUT/track_53/profile_17-29-11-881373_0.630.png
2025-02-17 17:37:13 create mode 100644 profiles/2025-02-17/OUT/track_53/profile_17-29-11-966406_0.592.png
2025-02-17 17:37:13 create mode 100644 profiles/2025-02-17/OUT/track_53/profile_17-29-12-347014_0.591.png
2025-02-17 17:37:13 create mode 100644 profiles/2025-02-17/OUT/track_56/profile_17-29-23-032310_0.835.png
2025-02-17 17:37:13 create mode 100644 profiles/2025-02-17/OUT/track_56/profile_17-29-23-374544_0.833.png
2025-02-17 17:37:13 create mode 100644 profiles/2025-02-17/OUT/track_56/profile_17-29-23-713571_0.833.png
2025-02-17 17:37:13 create mode 100644 profiles/2025-02-17/OUT/track_56/recognition.json
2025-02-17 17:37:13 create mode 100644 profiles/2025-02-17/OUT/track_58/profile_17-29-24-411122_0.817.png
2025-02-17 17:37:13 create mode 100644 profiles/2025-02-17/OUT/track_6/profile_17-25-25-916014_0.792.png
2025-02-17 17:37:13 create mode 100644 profiles/2025-02-17/OUT/track_6/profile_17-25-26-254409_0.792.png
2025-02-17 17:37:13 create mode 100644 profiles/2025-02-17/OUT/track_6/profile_17-25-26-596305_0.785.png
2025-02-17 17:37:14 create mode 100644 profiles/2025-02-17/OUT/track_60/profile_17-29-25-560312_0.855.png
2025-02-17 17:37:14 create mode 100644 profiles/2025-02-17/OUT/track_60/profile_17-29-25-910422_0.853.png
2025-02-17 17:37:14 create mode 100644 profiles/2025-02-17/OUT/track_60/profile_17-29-26-827280_0.852.png
2025-02-17 17:37:14 create mode 100644 profiles/2025-02-17/OUT/track_68/profile_17-30-06-823711_0.728.png
2025-02-17 17:37:14 create mode 100644 profiles/2025-02-17/OUT/track_69/profile_17-30-13-626737_0.862.png
2025-02-17 17:37:14 create mode 100644 profiles/2025-02-17/OUT/track_69/profile_17-30-13-994799_0.851.png
2025-02-17 17:37:14 create mode 100644 profiles/2025-02-17/OUT/track_69/profile_17-30-14-349320_0.844.png
2025-02-17 17:37:14 create mode 100644 profiles/2025-02-17/OUT/track_69/recognition.json
2025-02-17 17:37:14 create mode 100644 profiles/2025-02-17/OUT/track_7/profile_17-25-27-770072_0.710.png
2025-02-17 17:37:14 create mode 100644 profiles/2025-02-17/OUT/track_7/profile_17-25-28-142621_0.596.png
2025-02-17 17:37:14 create mode 100644 profiles/2025-02-17/OUT/track_7/profile_17-25-28-787152_0.581.png
2025-02-17 17:37:14 create mode 100644 profiles/2025-02-17/OUT/track_70/profile_17-30-15-044971_0.842.png
2025-02-17 17:37:14 create mode 100644 profiles/2025-02-17/OUT/track_77/profile_17-30-28-811924_0.535.png
2025-02-17 17:37:14 create mode 100644 profiles/2025-02-17/OUT/track_78/profile_17-30-54-030846_0.557.png
2025-02-17 17:37:14 create mode 100644 profiles/2025-02-17/OUT/track_78/profile_17-30-54-144909_0.555.png
2025-02-17 17:37:14 create mode 100644 profiles/2025-02-17/OUT/track_78/profile_17-30-54-813641_0.535.png
2025-02-17 17:37:14 create mode 100644 profiles/2025-02-17/OUT/track_81/profile_17-31-44-754042_0.704.png
2025-02-17 17:37:14 create mode 100644 profiles/2025-02-17/OUT/track_81/profile_17-31-45-127717_0.691.png
2025-02-17 17:37:14 create mode 100644 profiles/2025-02-17/OUT/track_81/profile_17-31-45-482284_0.689.png
2025-02-17 17:37:14 create mode 100644 profiles/2025-02-17/OUT/track_86/profile_17-31-19-289369_0.694.png
2025-02-17 17:37:14 create mode 100644 profiles/2025-02-17/OUT/track_87/profile_17-31-19-613416_0.651.png
2025-02-17 17:37:14 create mode 100644 profiles/2025-02-17/OUT/track_90/profile_17-31-31-956442_0.790.png
2025-02-17 17:37:14 create mode 100644 profiles/2025-02-17/OUT/track_90/profile_17-31-32-620798_0.786.png
2025-02-17 17:37:14 create mode 100644 profiles/2025-02-17/OUT/track_90/profile_17-31-32-965704_0.785.png
2025-02-17 17:37:14 create mode 100644 profiles/2025-02-17/OUT/track_90/recognition.json
2025-02-17 17:37:14 create mode 100644 profiles/2025-02-17/OUT/track_95/profile_17-31-35-436460_0.840.png
2025-02-17 17:37:14 create mode 100644 profiles/2025-02-17/OUT/track_95/profile_17-31-35-790920_0.814.png
2025-02-17 17:37:14 create mode 100644 profiles/2025-02-17/OUT/track_95/profile_17-31-36-133678_0.809.png
2025-02-17 17:37:14 create mode 100644 profiles/2025-02-17/OUT/track_96/profile_17-31-39-489455_0.769.png
2025-02-17 17:37:14 create mode 100644 profiles/2025-02-17/OUT/track_96/profile_17-31-39-832090_0.746.png
2025-02-17 17:37:14 create mode 100644 profiles/2025-02-17/OUT/track_96/profile_17-31-40-179493_0.737.png
2025-02-17 17:37:14 create mode 100644 profiles/2025-02-17/OUT/track_97/profile_17-31-37-136486_0.745.png
2025-02-17 17:37:14 create mode 100644 profiles/2025-02-17/OUT/track_97/profile_17-31-37-491501_0.614.png
2025-02-17 17:37:14 create mode 100644 profiles/2025-02-17/OUT/track_98/profile_17-31-36-483916_0.525.png
2025-02-17 17:37:14 Pushing to remote...
2025-02-17 17:37:19 To https://github.com/Sang0920/TestingFaceRec.git
2025-02-17 17:37:20 7e001bc..9c9a56e  main -> main
2025-02-17 17:37:21 Backup complete!
2025-02-18 15:30:41 Starting backup script...
2025-02-18 15:30:41 Adding files...
