Running on device: cpu
Track buffer: 150
Frame rate: 12.0 FPS
Track buffer timeout: 60 frames
2025-02-07 09:04:20,033 - INFO - DracoAPIClient initialized successfully
2025-02-07 09:04:20,037 - INFO - Fetching shift details for: Ca chuẩn Draco
2025-02-07 09:04:20,265 - INFO - ✅ Successfully fetched shift details
Current date: 2025-02-07
First holiday: 2025-01-01
Starting face tracking...
2025-02-07 09:04:20,402 - INFO - Starting employee photo sync
2025-02-07 09:04:20,404 - INFO - Loaded existing metadata for 5 employees
2025-02-07 09:04:20,405 - INFO - Fetching employee photos
2025-02-07 09:04:20,405 - INFO - Fetching employee photos
2025-02-07 09:04:20,596 - INFO - ✅ Successfully retrieved 13 employee photos
2025-02-07 09:04:20,596 - INFO - ✅ Successfully retrieved 13 employee photos
2025-02-07 09:04:20,603 - INFO - Removed folder for ex-employee: vinh@gmail.com
2025-02-07 09:04:20,603 - INFO - Removed folder for ex-employee: an@gmai.com
2025-02-07 09:04:20,603 - INFO - Removed folder for ex-employee: sangnhl@draco.biz
2025-02-07 09:04:20,609 - INFO - Removed folder for ex-employee: dothesang20@gmail.com
2025-02-07 09:04:21,444 - ERROR - Failed to download photo for: duyth@draco.biz
2025-02-07 09:04:22,414 - ERROR - Failed to download photo for: loint@draco.biz
2025-02-07 09:04:22,625 - INFO - ✅ Updated photo for: dungntk@draco.biz
2025-02-07 09:04:22,815 - INFO - ✅ Updated photo for: nghianhm@draco.biz
2025-02-07 09:04:23,003 - INFO - ✅ Updated photo for: khanhtn@draco.biz
2025-02-07 09:04:23,200 - INFO - ✅ Updated photo for: vinhnh@draco.biz
2025-02-07 09:04:23,400 - INFO - ✅ Updated photo for: sangnlh@dracorp.com.vn
2025-02-07 09:04:23,605 - INFO - ✅ Updated photo for: sangdt@draco.biz
2025-02-07 09:04:23,812 - INFO - ✅ Updated photo for: minhvdx@draco.biz
2025-02-07 09:04:24,022 - INFO - ✅ Updated photo for: annh@draco.biz
2025-02-07 09:04:24,228 - INFO - ✅ Updated photo for: dunght@draco.biz
2025-02-07 09:04:25,117 - ERROR - Failed to download photo for: phuoctth@draco.biz
2025-02-07 09:04:25,892 - ERROR - Failed to download photo for: tuanla@draco.biz
2025-02-07 09:04:25,893 - INFO - ✅ Photo sync completed successfully

0: 640x384 1 face, 318.2ms

0: 640x384 1 face, 65.3ms

0: 640x384 1 face, 62.6ms

0: 640x384 1 face, 66.1ms

0: 640x384 1 face, 62.5ms

0: 640x384 1 face, 63.7ms

0: 640x384 1 face, 66.2ms

0: 640x384 1 face, 64.3ms

0: 640x384 1 face, 68.4ms

0: 640x384 1 face, 63.8ms

0: 640x384 1 face, 63.1ms

0: 640x384 1 face, 64.2ms

0: 640x384 1 face, 66.2ms

0: 640x384 1 face, 66.9ms

0: 640x384 1 face, 67.7ms

0: 640x384 1 face, 65.7ms

0: 640x384 1 face, 65.9ms

0: 640x384 1 face, 64.0ms

0: 640x384 1 face, 637.6ms

0: 640x384 1 face, 66.1ms

0: 640x384 1 face, 61.9ms

0: 640x384 1 face, 63.6ms

0: 640x384 1 face, 62.8ms

0: 640x384 1 face, 63.7ms

0: 640x384 1 face, 64.1ms

0: 640x384 1 face, 73.7ms

0: 640x384 1 face, 66.5ms

0: 640x384 1 face, 63.5ms

0: 640x384 1 face, 65.0ms

0: 640x384 1 face, 63.8ms

0: 640x384 1 face, 64.0ms

0: 640x384 1 face, 66.8ms

0: 640x384 1 face, 64.2ms

0: 640x384 1 face, 66.0ms

0: 640x384 1 face, 62.8ms

0: 640x384 1 face, 64.2ms

0: 640x384 1 face, 63.0ms

0: 640x384 1 face, 64.3ms

0: 640x384 1 face, 65.4ms

0: 640x384 1 face, 67.9ms

0: 640x384 1 face, 63.7ms

0: 640x384 1 face, 66.5ms

0: 640x384 1 face, 63.2ms

0: 640x384 1 face, 64.6ms

0: 640x384 1 face, 66.2ms

0: 640x384 1 face, 66.0ms

0: 640x384 1 face, 64.2ms

0: 640x384 1 face, 67.1ms

0: 640x384 1 face, 63.2ms

0: 640x384 1 face, 66.8ms

0: 640x384 1 face, 63.7ms

0: 640x384 1 face, 65.8ms

0: 640x384 1 face, 64.1ms

0: 640x384 1 face, 66.5ms

0: 640x384 1 face, 64.9ms

0: 640x384 1 face, 66.8ms

0: 640x384 1 face, 65.6ms

0: 640x384 1 face, 67.5ms

0: 640x384 1 face, 65.8ms

0: 640x384 1 face, 70.0ms

0: 640x384 1 face, 64.5ms

0: 640x384 1 face, 64.0ms

0: 640x384 1 face, 65.2ms

0: 640x384 1 face, 66.0ms

0: 640x384 1 face, 63.4ms

0: 640x384 1 face, 69.9ms

0: 640x384 1 face, 66.4ms

0: 640x384 1 face, 62.6ms

0: 640x384 1 face, 63.0ms

0: 640x384 1 face, 63.7ms

0: 640x384 1 face, 64.9ms

0: 640x384 1 face, 63.9ms

0: 640x384 1 face, 67.2ms

0: 640x384 1 face, 62.9ms

0: 640x384 1 face, 65.4ms

0: 640x384 1 face, 64.8ms

0: 640x384 1 face, 65.0ms

0: 640x384 1 face, 64.3ms

0: 640x384 1 face, 64.9ms

0: 640x384 1 face, 70.1ms

0: 640x384 1 face, 63.3ms

0: 640x384 1 face, 62.7ms

0: 640x384 1 face, 64.9ms

0: 640x384 1 face, 62.4ms

0: 640x384 1 face, 63.4ms

0: 640x384 1 face, 62.6ms

0: 640x384 1 face, 63.0ms

0: 640x384 1 face, 62.6ms

0: 640x384 1 face, 62.6ms

0: 640x384 1 face, 63.1ms

0: 640x384 1 face, 87.6ms

0: 640x384 1 face, 68.6ms

0: 640x384 1 face, 64.2ms

0: 640x384 1 face, 62.0ms

0: 640x384 1 face, 64.6ms

0: 640x384 1 face, 63.0ms

0: 640x384 1 face, 65.5ms

0: 640x384 1 face, 64.4ms

0: 640x384 1 face, 69.5ms

0: 640x384 1 face, 63.9ms

0: 640x384 1 face, 63.4ms

0: 640x384 1 face, 62.1ms

0: 640x384 1 face, 63.1ms

0: 640x384 1 face, 66.7ms

0: 640x384 1 face, 65.1ms

0: 640x384 1 face, 63.1ms

0: 640x384 1 face, 63.2ms

0: 640x384 1 face, 67.5ms

0: 640x384 1 face, 68.2ms

0: 640x384 1 face, 63.6ms

0: 640x384 (no detections), 64.8ms

0: 640x384 1 face, 64.8ms

0: 640x384 1 face, 64.9ms

0: 640x384 1 face, 64.3ms

0: 640x384 1 face, 64.9ms

0: 640x384 1 face, 63.4ms

0: 640x384 1 face, 63.8ms

0: 640x384 1 face, 63.0ms

0: 640x384 1 face, 63.1ms

0: 640x384 1 face, 61.9ms

0: 640x384 1 face, 63.0ms

0: 640x384 1 face, 62.7ms

0: 640x384 1 face, 62.2ms

0: 640x384 1 face, 62.4ms

0: 640x384 1 face, 61.8ms

0: 640x384 1 face, 65.6ms

0: 640x384 1 face, 64.3ms

0: 640x384 1 face, 63.9ms

0: 640x384 1 face, 62.4ms

0: 640x384 1 face, 65.6ms

0: 640x384 1 face, 62.2ms

0: 640x384 1 face, 68.9ms

0: 640x384 1 face, 68.6ms

0: 640x384 1 face, 69.1ms

0: 640x384 1 face, 75.0ms

0: 640x384 1 face, 67.5ms

0: 640x384 1 face, 68.7ms

0: 640x384 1 face, 62.7ms

0: 640x384 1 face, 70.9ms

0: 640x384 1 face, 68.3ms

0: 640x384 1 face, 77.4ms

0: 640x384 1 face, 108.8ms

0: 640x384 1 face, 99.3ms

0: 640x384 1 face, 90.5ms

0: 640x384 1 face, 63.8ms

0: 640x384 1 face, 100.4ms

0: 640x384 (no detections), 98.5ms

0: 640x384 1 face, 111.7ms

0: 640x384 1 face, 88.1ms

0: 640x384 1 face, 64.4ms

0: 640x384 1 face, 108.7ms

0: 640x384 1 face, 105.7ms

0: 640x384 1 face, 89.4ms

0: 640x384 1 face, 63.4ms

0: 640x384 1 face, 109.8ms

0: 640x384 1 face, 121.1ms

0: 640x384 1 face, 99.8ms

0: 640x384 1 face, 69.4ms

0: 640x384 1 face, 89.7ms

0: 640x384 1 face, 85.8ms

0: 640x384 1 face, 77.9ms

0: 640x384 1 face, 93.7ms

0: 640x384 1 face, 87.7ms

0: 640x384 1 face, 62.3ms

0: 640x384 1 face, 66.2ms

0: 640x384 1 face, 61.8ms

0: 640x384 1 face, 62.4ms

0: 640x384 1 face, 61.5ms

0: 640x384 1 face, 62.2ms

0: 640x384 1 face, 61.9ms

0: 640x384 1 face, 61.4ms

0: 640x384 1 face, 66.5ms

0: 640x384 1 face, 65.6ms

0: 640x384 1 face, 61.6ms

0: 640x384 1 face, 62.8ms

0: 640x384 1 face, 61.4ms

0: 640x384 1 face, 62.0ms

0: 640x384 1 face, 63.0ms

0: 640x384 1 face, 61.3ms

0: 640x384 1 face, 64.3ms

0: 640x384 1 face, 62.5ms

0: 640x384 1 face, 62.8ms

0: 640x384 1 face, 64.7ms

0: 640x384 1 face, 64.5ms

0: 640x384 1 face, 63.0ms

0: 640x384 1 face, 70.5ms

0: 640x384 1 face, 69.5ms

0: 640x384 1 face, 65.7ms

0: 640x384 1 face, 63.3ms

0: 640x384 1 face, 68.7ms

0: 640x384 1 face, 70.2ms

0: 640x384 1 face, 65.2ms

0: 640x384 1 face, 66.4ms

0: 640x384 1 face, 63.6ms

0: 640x384 1 face, 62.6ms

0: 640x384 1 face, 64.1ms

0: 640x384 1 face, 63.0ms

0: 640x384 1 face, 63.1ms

0: 640x384 1 face, 63.4ms

0: 640x384 1 face, 65.3ms

0: 640x384 1 face, 65.3ms

0: 640x384 1 face, 64.7ms

0: 640x384 1 face, 63.2ms

0: 640x384 1 face, 64.3ms

0: 640x384 1 face, 64.4ms

0: 640x384 1 face, 68.1ms

0: 640x384 1 face, 66.4ms

0: 640x384 1 face, 76.1ms

0: 640x384 1 face, 81.8ms

0: 640x384 1 face, 64.4ms

0: 640x384 1 face, 64.1ms

0: 640x384 1 face, 67.6ms

0: 640x384 1 face, 64.3ms

0: 640x384 1 face, 65.4ms

0: 640x384 1 face, 70.8ms

0: 640x384 1 face, 65.7ms

0: 640x384 1 face, 64.0ms

0: 640x384 1 face, 64.2ms

0: 640x384 1 face, 62.6ms

0: 640x384 1 face, 63.8ms

0: 640x384 1 face, 63.5ms

0: 640x384 1 face, 64.2ms

0: 640x384 1 face, 62.2ms

0: 640x384 1 face, 65.0ms

0: 640x384 1 face, 65.1ms

0: 640x384 1 face, 64.3ms

0: 640x384 1 face, 62.9ms

0: 640x384 1 face, 64.1ms

0: 640x384 1 face, 62.3ms

0: 640x384 1 face, 64.3ms

0: 640x384 1 face, 63.5ms

0: 640x384 1 face, 62.9ms

0: 640x384 1 face, 62.5ms

0: 640x384 1 face, 65.0ms

0: 640x384 1 face, 63.6ms

0: 640x384 1 face, 63.4ms

0: 640x384 1 face, 66.0ms

0: 640x384 1 face, 63.6ms

0: 640x384 1 face, 61.3ms

0: 640x384 1 face, 63.9ms

0: 640x384 1 face, 62.9ms

0: 640x384 1 face, 62.0ms

0: 640x384 1 face, 62.3ms

0: 640x384 1 face, 66.3ms

0: 640x384 1 face, 64.2ms

0: 640x384 1 face, 64.1ms

0: 640x384 1 face, 64.6ms

0: 640x384 1 face, 63.3ms

0: 640x384 1 face, 65.3ms

0: 640x384 1 face, 62.3ms

0: 640x384 1 face, 64.5ms

0: 640x384 1 face, 62.2ms

0: 640x384 1 face, 65.3ms

0: 640x384 1 face, 64.1ms

0: 640x384 1 face, 66.4ms

0: 640x384 1 face, 64.4ms

0: 640x384 1 face, 68.3ms

0: 640x384 1 face, 65.6ms

0: 640x384 1 face, 64.7ms

0: 640x384 1 face, 71.2ms

0: 640x384 1 face, 65.8ms

0: 640x384 1 face, 64.1ms

0: 640x384 1 face, 65.0ms

0: 640x384 1 face, 62.3ms

0: 640x384 1 face, 65.5ms

0: 640x384 1 face, 62.8ms

0: 640x384 1 face, 64.9ms

0: 640x384 1 face, 64.4ms

0: 640x384 1 face, 62.5ms

0: 640x384 1 face, 62.9ms

0: 640x384 1 face, 63.9ms

0: 640x384 1 face, 63.0ms

0: 640x384 1 face, 63.4ms

0: 640x384 1 face, 76.9ms

0: 640x384 1 face, 65.7ms

0: 640x384 1 face, 66.1ms

0: 640x384 1 face, 64.6ms

0: 640x384 1 face, 65.6ms

0: 640x384 1 face, 73.7ms

0: 640x384 1 face, 63.9ms

0: 640x384 1 face, 62.9ms

0: 640x384 1 face, 63.7ms

0: 640x384 1 face, 63.9ms

0: 640x384 1 face, 65.0ms

0: 640x384 1 face, 64.7ms

0: 640x384 1 face, 61.2ms

0: 640x384 1 face, 63.4ms

0: 640x384 1 face, 64.8ms

0: 640x384 1 face, 65.0ms

0: 640x384 1 face, 63.4ms

0: 640x384 1 face, 64.6ms

0: 640x384 1 face, 62.2ms

0: 640x384 1 face, 61.9ms

0: 640x384 1 face, 62.7ms

0: 640x384 1 face, 61.6ms

0: 640x384 1 face, 63.0ms

0: 640x384 1 face, 62.5ms

0: 640x384 1 face, 64.1ms

0: 640x384 1 face, 63.9ms

0: 640x384 1 face, 62.5ms

0: 640x384 1 face, 61.8ms

0: 640x384 1 face, 62.6ms

0: 640x384 1 face, 64.5ms

0: 640x384 1 face, 65.0ms

0: 640x384 1 face, 63.0ms

0: 640x384 1 face, 63.6ms

0: 640x384 1 face, 65.2ms

0: 640x384 1 face, 64.9ms

0: 640x384 1 face, 65.2ms

0: 640x384 1 face, 62.6ms

0: 640x384 1 face, 65.7ms

0: 640x384 1 face, 67.6ms

0: 640x384 1 face, 63.5ms

0: 640x384 1 face, 61.4ms

0: 640x384 1 face, 62.2ms

0: 640x384 1 face, 62.0ms

0: 640x384 1 face, 67.7ms

0: 640x384 1 face, 69.5ms

0: 640x384 1 face, 62.1ms

0: 640x384 1 face, 62.0ms

0: 640x384 1 face, 64.1ms

0: 640x384 1 face, 61.7ms

0: 640x384 1 face, 62.4ms

0: 640x384 1 face, 62.5ms

0: 640x384 1 face, 63.5ms

0: 640x384 1 face, 61.9ms

0: 640x384 1 face, 64.3ms

0: 640x384 1 face, 61.8ms

0: 640x384 1 face, 62.5ms

0: 640x384 1 face, 62.5ms

0: 640x384 1 face, 62.4ms

0: 640x384 1 face, 62.2ms

0: 640x384 1 face, 60.5ms

0: 640x384 1 face, 61.6ms

0: 640x384 1 face, 62.1ms

0: 640x384 1 face, 64.2ms

0: 640x384 1 face, 69.2ms

0: 640x384 1 face, 68.9ms

0: 640x384 1 face, 63.5ms

0: 640x384 1 face, 62.6ms

0: 640x384 1 face, 62.8ms

0: 640x384 1 face, 64.7ms

0: 640x384 1 face, 64.8ms

0: 640x384 1 face, 64.3ms

0: 640x384 1 face, 63.1ms

0: 640x384 1 face, 64.7ms

0: 640x384 1 face, 63.4ms

0: 640x384 1 face, 64.8ms

0: 640x384 1 face, 294.2ms

0: 640x384 1 face, 223.6ms

0: 640x384 1 face, 61.3ms

0: 640x384 1 face, 69.6ms

0: 640x384 1 face, 64.8ms

0: 640x384 1 face, 70.2ms

0: 640x384 1 face, 63.3ms

0: 640x384 1 face, 69.6ms

0: 640x384 1 face, 62.2ms

0: 640x384 1 face, 63.5ms

0: 640x384 1 face, 62.1ms

0: 640x384 1 face, 66.1ms

0: 640x384 1 face, 63.4ms

0: 640x384 1 face, 62.7ms

0: 640x384 1 face, 63.9ms

0: 640x384 1 face, 62.4ms

0: 640x384 1 face, 62.8ms

0: 640x384 1 face, 62.9ms

0: 640x384 1 face, 63.1ms

0: 640x384 1 face, 63.7ms

0: 640x384 1 face, 63.7ms

0: 640x384 1 face, 63.2ms

0: 640x384 1 face, 63.6ms

0: 640x384 1 face, 62.4ms

0: 640x384 1 face, 65.8ms

0: 640x384 1 face, 66.4ms

0: 640x384 1 face, 63.7ms

0: 640x384 1 face, 64.0ms

0: 640x384 1 face, 72.7ms

0: 640x384 1 face, 68.1ms

0: 640x384 1 face, 63.8ms

0: 640x384 1 face, 63.6ms

0: 640x384 1 face, 65.2ms

0: 640x384 1 face, 63.2ms

0: 640x384 1 face, 63.1ms

0: 640x384 1 face, 63.0ms

0: 640x384 1 face, 65.0ms

0: 640x384 1 face, 62.4ms

0: 640x384 1 face, 62.9ms

0: 640x384 1 face, 62.6ms

0: 640x384 1 face, 62.9ms

0: 640x384 1 face, 62.3ms

0: 640x384 1 face, 65.6ms

0: 640x384 1 face, 64.5ms

0: 640x384 1 face, 62.7ms

0: 640x384 1 face, 63.1ms

0: 640x384 1 face, 65.0ms

0: 640x384 1 face, 62.3ms

0: 640x384 1 face, 64.0ms

0: 640x384 1 face, 62.3ms

0: 640x384 1 face, 62.3ms

0: 640x384 1 face, 62.6ms

0: 640x384 1 face, 64.3ms

0: 640x384 1 face, 62.9ms

0: 640x384 1 face, 63.7ms

0: 640x384 1 face, 62.5ms

0: 640x384 1 face, 65.1ms

0: 640x384 1 face, 65.0ms

0: 640x384 1 face, 64.1ms

0: 640x384 1 face, 66.1ms

0: 640x384 1 face, 62.9ms

0: 640x384 1 face, 63.5ms

0: 640x384 1 face, 64.6ms

0: 640x384 1 face, 63.4ms

0: 640x384 1 face, 64.0ms

0: 640x384 1 face, 62.8ms

0: 640x384 1 face, 63.9ms

0: 640x384 1 face, 64.4ms

0: 640x384 1 face, 64.4ms

0: 640x384 1 face, 71.3ms

0: 640x384 1 face, 63.1ms

0: 640x384 1 face, 63.4ms

0: 640x384 1 face, 64.4ms

0: 640x384 1 face, 66.9ms

0: 640x384 1 face, 62.8ms

0: 640x384 1 face, 63.0ms

0: 640x384 1 face, 64.0ms

0: 640x384 1 face, 63.5ms

0: 640x384 1 face, 63.0ms

0: 640x384 1 face, 63.1ms

0: 640x384 1 face, 63.0ms

0: 640x384 1 face, 62.5ms

0: 640x384 (no detections), 64.1ms

0: 640x384 1 face, 63.8ms

0: 640x384 1 face, 62.2ms

0: 640x384 1 face, 65.6ms

0: 640x384 1 face, 63.8ms

0: 640x384 (no detections), 63.8ms

0: 640x384 1 face, 62.6ms

0: 640x384 1 face, 63.3ms

0: 640x384 1 face, 62.0ms

0: 640x384 1 face, 65.4ms

0: 640x384 1 face, 62.4ms

0: 640x384 1 face, 63.8ms

0: 640x384 1 face, 62.2ms

0: 640x384 1 face, 63.1ms

0: 640x384 1 face, 61.3ms

0: 640x384 1 face, 62.7ms

0: 640x384 1 face, 61.1ms

0: 640x384 1 face, 61.6ms

0: 640x384 1 face, 66.2ms

0: 640x384 1 face, 60.6ms

0: 640x384 1 face, 63.8ms

0: 640x384 1 face, 61.2ms

0: 640x384 1 face, 65.1ms

0: 640x384 1 face, 63.1ms

0: 640x384 1 face, 63.2ms

0: 640x384 1 face, 63.8ms

0: 640x384 1 face, 63.2ms

0: 640x384 1 face, 62.5ms

0: 640x384 1 face, 63.1ms

0: 640x384 1 face, 64.1ms

0: 640x384 1 face, 62.1ms

0: 640x384 1 face, 63.7ms

0: 640x384 1 face, 62.2ms

0: 640x384 1 face, 63.7ms

0: 640x384 1 face, 64.1ms

0: 640x384 1 face, 63.5ms

0: 640x384 1 face, 63.0ms

0: 640x384 1 face, 65.0ms

0: 640x384 1 face, 62.0ms

0: 640x384 1 face, 65.6ms

0: 640x384 1 face, 70.2ms

0: 640x384 1 face, 93.4ms

0: 640x384 1 face, 63.1ms

0: 640x384 1 face, 66.3ms

0: 640x384 1 face, 63.1ms

0: 640x384 1 face, 64.1ms

0: 640x384 1 face, 62.6ms

0: 640x384 1 face, 63.3ms

0: 640x384 1 face, 68.7ms

0: 640x384 1 face, 63.6ms

0: 640x384 1 face, 62.2ms

0: 640x384 1 face, 64.0ms

0: 640x384 1 face, 63.6ms

0: 640x384 1 face, 62.3ms

0: 640x384 1 face, 63.8ms

0: 640x384 1 face, 63.3ms

0: 640x384 1 face, 62.7ms

0: 640x384 1 face, 64.5ms

0: 640x384 1 face, 61.9ms

0: 640x384 1 face, 63.2ms

0: 640x384 1 face, 65.0ms

0: 640x384 1 face, 63.4ms

0: 640x384 1 face, 62.5ms

0: 640x384 1 face, 63.5ms

0: 640x384 1 face, 63.8ms

0: 640x384 1 face, 62.4ms

0: 640x384 1 face, 68.5ms

0: 640x384 1 face, 63.7ms

0: 640x384 1 face, 62.7ms

0: 640x384 1 face, 62.6ms

0: 640x384 1 face, 63.2ms

0: 640x384 1 face, 63.1ms

0: 640x384 1 face, 64.3ms

0: 640x384 1 face, 62.1ms

0: 640x384 1 face, 62.2ms

0: 640x384 1 face, 62.4ms

0: 640x384 1 face, 64.0ms

0: 640x384 1 face, 63.3ms

0: 640x384 1 face, 62.2ms

0: 640x384 1 face, 64.3ms

0: 640x384 1 face, 63.4ms

0: 640x384 1 face, 62.1ms

0: 640x384 1 face, 63.0ms

0: 640x384 1 face, 62.6ms

0: 640x384 1 face, 65.7ms

0: 640x384 1 face, 62.3ms

0: 640x384 1 face, 65.8ms

0: 640x384 1 face, 64.2ms

0: 640x384 1 face, 62.1ms

0: 640x384 (no detections), 64.5ms

0: 640x384 (no detections), 64.6ms

0: 640x384 (no detections), 61.1ms

0: 640x384 (no detections), 65.5ms

0: 640x384 (no detections), 61.0ms

0: 640x384 (no detections), 63.9ms

0: 640x384 (no detections), 61.0ms

0: 640x384 (no detections), 64.7ms

0: 640x384 (no detections), 61.9ms

0: 640x384 (no detections), 65.2ms

0: 640x384 (no detections), 62.4ms

0: 640x384 (no detections), 64.0ms

0: 640x384 (no detections), 62.3ms

0: 640x384 (no detections), 63.3ms

0: 640x384 (no detections), 63.3ms

0: 640x384 (no detections), 65.1ms

0: 640x384 (no detections), 66.0ms

0: 640x384 (no detections), 63.6ms

0: 640x384 (no detections), 61.1ms

0: 640x384 (no detections), 66.3ms

0: 640x384 (no detections), 61.7ms

0: 640x384 (no detections), 63.4ms

0: 640x384 (no detections), 61.7ms
Loading cached features...
Saved profile: profiles/2025-02-07/IN/track_1/profile_09-05-25-945102_0.563.png
Track 1: Recognized as ['Unknown'] ([-0.001266568899154663])
Saved profile: profiles/2025-02-07/IN/track_1/profile_09-05-26-389732_0.554.png
Track 1: Recognized as ['Unknown'] ([-0.020743591710925102])
Saved profile: profiles/2025-02-07/IN/track_1/profile_09-05-26-698279_0.553.png
Track 1: Recognized as ['Unknown'] ([-0.017937202006578445])
/home/teamdev/FaceRec/testing_app/face_alignment/mtcnn_pytorch/src/matlab_cp2tform.py:90: FutureWarning: `rcond` parameter will change to the default of machine precision times ``max(M, N)`` where M and N are the input matrix dimensions.
To use the future default and silence this warning we advise to pass `rcond=None`, to keep using the old, explicitly pass `rcond=-1`.
  r, _, _, _ = lstsq(X, U)
Shutting down recognition process...
